<?xml version="1.0" encoding="UTF-8"?>
<!-- Generated by org.testng.reporters.JUnitReportReporter -->
<testsuite skipped="0" hostname="BDC6-DX-3M93N62" name="ReadDataExcel" tests="1" failures="0" timestamp="22 Apr 2019 06:01:45 GMT" time="1.031" errors="0">
  <testcase name="testReadExcel" time="1.031" classname="ReadDataExcel"/>
</testsuite> <!-- ReadDataExcel -->
