<?xml version="1.0" encoding="UTF-8"?>
<!-- Generated by org.testng.reporters.JUnitReportReporter -->
<testsuite skipped="0" hostname="BDC6-DX-3M93N62" name="InternetHomePage" tests="1" failures="0" timestamp="17 Apr 2019 03:48:39 GMT" time="5.902" errors="0">
  <testcase name="testGoogleHomePage" time="5.902" classname="InternetHomePage"/>
</testsuite> <!-- InternetHomePage -->
