<?xml version="1.0" encoding="UTF-8"?>
<!-- Generated by org.testng.reporters.JUnitReportReporter -->
<testsuite skipped="0" hostname="BDC6-DX-3M93N62" name="GoogleHomePageTest" tests="1" failures="0" timestamp="16 Apr 2019 11:36:56 GMT" time="8.390" errors="0">
  <testcase name="testGoogleHomePage" time="8.390" classname="GoogleHomePageTest"/>
</testsuite> <!-- GoogleHomePageTest -->
