<?xml version="1.0" encoding="UTF-8"?>
<!-- Generated by org.testng.reporters.JUnitReportReporter -->
<testsuite skipped="0" hostname="BDC6-DX-3M93N62" name="WebElementLocator" tests="1" failures="0" timestamp="17 Apr 2019 05:44:11 GMT" time="8.667" errors="0">
  <testcase name="testDemoWEbShop" time="8.667" classname="WebElementLocator"/>
</testsuite> <!-- WebElementLocator -->
