<?xml version="1.0" encoding="UTF-8"?>
<!-- Generated by org.testng.reporters.JUnitReportReporter -->
<testsuite skipped="0" hostname="BDC6-DX-3M93N62" name="MozillaHomePage" tests="1" failures="0" timestamp="17 Apr 2019 05:42:22 GMT" time="4.056" errors="0">
  <testcase name="testGoogleHomePage" time="4.056" classname="MozillaHomePage"/>
</testsuite> <!-- MozillaHomePage -->
