<?xml version="1.0" encoding="UTF-8"?>
<!-- Generated by org.testng.reporters.JUnitReportReporter -->
<testsuite skipped="0" hostname="BDC6-DX-3M93N62" name="TestMEAppLogin" tests="2" failures="0" timestamp="22 Apr 2019 08:31:14 GMT" time="6.866" errors="0">
  <testcase name="testLogin" time="3.102" classname="TestMEAppLogin"/>
  <testcase name="testLogin" time="3.764" classname="TestMEAppLogin"/>
</testsuite> <!-- TestMEAppLogin -->
