<?xml version="1.0" encoding="UTF-8"?>
<!-- Generated by org.testng.reporters.JUnitReportReporter -->
<testsuite skipped="0" hostname="BDC6-DX-3M93N62" name="OnlineShoppingTest" tests="4" failures="0" timestamp="23 Apr 2019 09:23:01 GMT" time="11.051" errors="0">
  <testcase name="testRegistration" time="3.144" classname="OnlineShoppingTest"/>
  <testcase name="testLogIn" time="0.742" classname="OnlineShoppingTest"/>
  <testcase name="testCart" time="6.235" classname="OnlineShoppingTest"/>
  <testcase name="testPayment" time="0.930" classname="OnlineShoppingTest"/>
</testsuite> <!-- OnlineShoppingTest -->
